<?xml version="1.0" encoding="UTF-8"?>
<!-- Generated by org.testng.reporters.JUnitReportReporter -->
<testsuite hostname="USE2DEVP5773" failures="0" tests="1" name="testPackage.MetaData" time="334.137" errors="0" timestamp="2023-01-06T10:43:29 IST" skipped="0">
  <testcase classname="testPackage.MetaData" name="VerifyFeedFilterCountryCode" time="334.137"/>
  <system-out/>
</testsuite> <!-- testPackage.MetaData -->
