<?xml version="1.0" encoding="UTF-8"?>
<!-- Generated by org.testng.reporters.JUnitReportReporter -->
<testsuite hostname="USE2DEVP5773" failures="0" tests="1" name="testPackage.Headline_Alarm" time="19.823" errors="0" timestamp="2022-09-15T16:52:21 IST" skipped="0">
  <testcase classname="testPackage.Headline_Alarm" name="ValidateAddAlarm" time="19.823"/>
  <system-out/>
</testsuite> <!-- testPackage.Headline_Alarm -->
