<?xml version="1.0" encoding="UTF-8"?>
<!-- Generated by org.testng.reporters.JUnitReportReporter -->
<testsuite hostname="USE2DEVP5773" failures="0" tests="1" name="testPackage.MetaData" time="385.622" errors="0" timestamp="2022-12-09T15:55:53 IST" skipped="0">
  <testcase classname="testPackage.MetaData" name="VerifyPNAC_UCDP" time="385.622"/>
  <system-out/>
</testsuite> <!-- testPackage.MetaData -->
