<?xml version="1.0" encoding="UTF-8"?>
<!-- Generated by org.testng.reporters.JUnitReportReporter -->
<testsuite hostname="USE2DEVP5773" failures="0" tests="1" name="testPackage.HeadLineSettings22797" time="112.933" errors="0" timestamp="2022-11-25T21:05:17 IST" skipped="0">
  <testcase classname="testPackage.HeadLineSettings22797" name="Verify_Headline_Search" time="112.933"/>
  <system-out/>
</testsuite> <!-- testPackage.HeadLineSettings22797 -->
