<?xml version="1.0" encoding="UTF-8"?>
<!-- Generated by org.testng.reporters.JUnitReportReporter -->
<testsuite hostname="USE2DEVP5773" failures="0" tests="1" name="testPackage.Headline_Alarm" time="172.879" errors="0" timestamp="2023-06-30T10:10:41 IST" skipped="0">
  <testcase classname="testPackage.Headline_Alarm" name="VerifyAlarmScenarios" time="172.879"/>
  <system-out/>
</testsuite> <!-- testPackage.Headline_Alarm -->
