<?xml version="1.0" encoding="UTF-8"?>
<!-- Generated by org.testng.reporters.JUnitReportReporter -->
<testsuite hostname="USE2DEVP5773" failures="0" tests="1" name="testPackage.Headline_Alarm" time="216.559" errors="0" timestamp="2023-01-03T19:55:08 IST" skipped="0">
  <testcase classname="testPackage.Headline_Alarm" name="VerifySaved_HeadlineAlarmReopen_Relaunch" time="216.559"/>
  <system-out/>
</testsuite> <!-- testPackage.Headline_Alarm -->
