<?xml version="1.0" encoding="UTF-8"?>
<!-- Generated by org.testng.reporters.JUnitReportReporter -->
<testsuite hostname="USE2DEVP5773" failures="0" tests="1" name="testPackage.MetaData" time="156.999" errors="0" timestamp="2022-11-30T17:36:54 IST" skipped="0">
  <testcase classname="testPackage.MetaData" name="Verify_Alert_Publish" time="156.999"/>
  <system-out/>
</testsuite> <!-- testPackage.MetaData -->
