<?xml version="1.0" encoding="UTF-8"?>
<!-- Generated by org.testng.reporters.JUnitReportReporter -->
<testsuite hostname="USE2DEVP5773" failures="0" tests="1" name="testPackage.MetaData" time="91.182" errors="0" timestamp="2023-06-23T11:21:36 IST" skipped="0">
  <testcase classname="testPackage.MetaData" name="Verify_ReleaseBodyWebView" time="91.182"/>
  <system-out/>
</testsuite> <!-- testPackage.MetaData -->
