<?xml version="1.0" encoding="UTF-8"?>
<!-- Generated by org.testng.reporters.JUnitReportReporter -->
<testsuite hostname="USE2DEVP5773" failures="0" tests="1" name="testPackage.Headline_Alarm" time="120.472" errors="0" timestamp="2024-01-25T14:39:21 IST" skipped="0">
  <testcase classname="testPackage.Headline_Alarm" name="VerifyAlarmScenarios" time="120.472"/>
  <system-out/>
</testsuite> <!-- testPackage.Headline_Alarm -->
