<?xml version="1.0" encoding="UTF-8"?>
<!-- Generated by org.testng.reporters.JUnitReportReporter -->
<testsuite hostname="USE2DEVP5773" failures="0" tests="1" name="testPackage.MetaData" time="56.290" errors="0" timestamp="2022-12-02T16:57:35 IST" skipped="0">
  <testcase classname="testPackage.MetaData" name="Verify_Topics_FullSearch" time="56.290"/>
  <system-out/>
</testsuite> <!-- testPackage.MetaData -->
