<?xml version="1.0" encoding="UTF-8"?>
<!-- Generated by org.testng.reporters.JUnitReportReporter -->
<testsuite hostname="USE2DEVP5773" failures="0" tests="1" name="testPackage.MetaData" time="215.990" errors="0" timestamp="2022-11-14T16:22:22 IST" skipped="0">
  <testcase classname="testPackage.MetaData" name="VerfiyAlertEditor" time="215.990"/>
  <system-out/>
</testsuite> <!-- testPackage.MetaData -->
