<?xml version="1.0" encoding="UTF-8"?>
<!-- Generated by org.testng.reporters.JUnitReportReporter -->
<testsuite hostname="USE2DEVP5773" failures="0" tests="1" name="testPackage.HeadLineSettings22797" time="11.424" errors="0" timestamp="2023-03-01T11:34:21 IST" skipped="0">
  <testcase classname="testPackage.HeadLineSettings22797" name="Verify_Headline_Search" time="11.424"/>
  <system-out/>
</testsuite> <!-- testPackage.HeadLineSettings22797 -->
