<?xml version="1.0" encoding="UTF-8"?>
<!-- Generated by org.testng.reporters.JUnitReportReporter -->
<testsuite hostname="USE2DEVP5773" failures="0" tests="1" name="testPackage.Feeds233961" time="115.110" errors="0" timestamp="2023-03-01T07:13:34 IST" skipped="0">
  <testcase classname="testPackage.Feeds233961" name="VerifyFeedRelaunchReopen" time="115.110"/>
  <system-out/>
</testsuite> <!-- testPackage.Feeds233961 -->
