<?xml version="1.0" encoding="UTF-8"?>
<!-- Generated by org.testng.reporters.JUnitReportReporter -->
<testsuite hostname="USE2DEVP5773" failures="0" tests="1" name="testPackage.TEMP" time="3.016" errors="0" timestamp="2022-09-14T12:12:54 IST" skipped="0">
  <testcase classname="testPackage.TEMP" name="ValidatePassword" time="3.016"/>
  <system-out/>
</testsuite> <!-- testPackage.TEMP -->
