<?xml version="1.0" encoding="UTF-8"?>
<!-- Generated by org.testng.reporters.JUnitReportReporter -->
<testsuite hostname="USE2DEVP5773" failures="0" tests="1" name="testPackage.MetaData" time="56.845" errors="0" timestamp="2022-12-13T19:10:12 IST" skipped="0">
  <testcase classname="testPackage.MetaData" name="VerifyPNAC_UCDP" time="56.845"/>
  <system-out/>
</testsuite> <!-- testPackage.MetaData -->
