<?xml version="1.0" encoding="UTF-8"?>
<!-- Generated by org.testng.reporters.JUnitReportReporter -->
<testsuite hostname="USE2DEVP5773" failures="0" tests="1" name="testPackage.Headline_Alarm" time="247.279" errors="0" timestamp="2022-11-16T17:09:08 IST" skipped="0">
  <testcase classname="testPackage.Headline_Alarm" name="VerifySaved_HeadlineAlarmReopen_Relaunch" time="247.279"/>
  <system-out/>
</testsuite> <!-- testPackage.Headline_Alarm -->
