<?xml version="1.0" encoding="UTF-8"?>
<!-- Generated by org.testng.reporters.JUnitReportReporter -->
<testsuite hostname="USE2DEVP5773" failures="0" tests="1" name="testPackage.MetaData" time="148.823" errors="0" timestamp="2024-05-23T16:44:06 IST" skipped="0">
  <testcase classname="testPackage.MetaData" name="Verify_Publish" time="148.823"/>
  <system-out/>
</testsuite> <!-- testPackage.MetaData -->
