<?xml version="1.0" encoding="UTF-8"?>
<!-- Generated by org.testng.reporters.JUnitReportReporter -->
<testsuite hostname="USE2DEVP5773" failures="0" tests="1" name="testPackage.MetaData" time="138.573" errors="0" timestamp="2022-11-23T17:38:02 IST" skipped="0">
  <testcase classname="testPackage.MetaData" name="Verify_MetaData_Inputs" time="138.573"/>
  <system-out/>
</testsuite> <!-- testPackage.MetaData -->
