<?xml version="1.0" encoding="UTF-8"?>
<!-- Generated by org.testng.reporters.JUnitReportReporter -->
<testsuite hostname="USE2DEVP5773" failures="0" tests="1" name="testPackage.Automations320602" time="345.453" errors="0" timestamp="2023-03-01T08:57:56 IST" skipped="0">
  <testcase classname="testPackage.Automations320602" name="VerifyAutomationRelaunchReopen" time="345.453"/>
  <system-out/>
</testsuite> <!-- testPackage.Automations320602 -->
