<?xml version="1.0" encoding="UTF-8"?>
<!-- Generated by org.testng.reporters.JUnitReportReporter -->
<testsuite hostname="USE2DEVP5773" failures="0" tests="1" name="testPackage.Feeds233961" time="290.091" errors="0" timestamp="2023-01-03T19:26:56 IST" skipped="0">
  <testcase classname="testPackage.Feeds233961" name="VerifyFeedRelaunchReopen" time="290.091"/>
  <system-out/>
</testsuite> <!-- testPackage.Feeds233961 -->
