<?xml version="1.0" encoding="UTF-8"?>
<!-- Generated by org.testng.reporters.JUnitReportReporter -->
<testsuite hostname="USE2DEVP5773" failures="0" tests="1" name="testPackage.MetaData" time="98.934" errors="0" timestamp="2023-03-08T17:55:29 IST" skipped="0">
  <testcase classname="testPackage.MetaData" name="VerifyAutoLaunchCases" time="98.934"/>
  <system-out/>
</testsuite> <!-- testPackage.MetaData -->
