<?xml version="1.0" encoding="UTF-8"?>
<!-- Generated by org.testng.reporters.JUnitReportReporter -->
<testsuite hostname="USE2DEVP5773" failures="0" tests="1" name="testPackage.HeadLineSettings22797" time="87.539" errors="0" timestamp="2023-09-29T10:46:49 IST" skipped="0">
  <testcase classname="testPackage.HeadLineSettings22797" name="EditExistingHeadlineHighlights" time="87.539"/>
  <system-out/>
</testsuite> <!-- testPackage.HeadLineSettings22797 -->
