<?xml version="1.0" encoding="UTF-8"?>
<!-- Generated by org.testng.reporters.JUnitReportReporter -->
<testsuite hostname="USE2DEVP5773" failures="0" tests="1" name="testPackage.Headline_Alarm" time="80.577" errors="0" timestamp="2022-11-23T13:35:04 IST" skipped="0">
  <testcase classname="testPackage.Headline_Alarm" name="VerifyAddSources_HeadlineAlarm" time="80.577"/>
  <system-out/>
</testsuite> <!-- testPackage.Headline_Alarm -->
