<?xml version="1.0" encoding="UTF-8"?>
<!-- Generated by org.testng.reporters.JUnitReportReporter -->
<testsuite hostname="USE2DEVP5773" failures="0" tests="1" name="testPackage.Feeds233961" time="236.334" errors="0" timestamp="2022-10-26T16:50:28 IST" skipped="0">
  <testcase classname="testPackage.Feeds233961" name="VerifyFeedinHeadline" time="236.334"/>
  <system-out/>
</testsuite> <!-- testPackage.Feeds233961 -->
