<?xml version="1.0" encoding="UTF-8"?>
<!-- Generated by org.testng.reporters.JUnitReportReporter -->
<testsuite hostname="USE2DEVP5773" failures="0" tests="1" name="testPackage.MetaData" time="319.313" errors="0" timestamp="2023-01-17T15:28:35 IST" skipped="0">
  <testcase classname="testPackage.MetaData" name="Verify_Auto_Alerts" time="319.313"/>
  <system-out/>
</testsuite> <!-- testPackage.MetaData -->
