<?xml version="1.0" encoding="UTF-8"?>
<!-- Generated by org.testng.reporters.JUnitReportReporter -->
<testsuite hostname="USE2DEVP5773" failures="0" tests="1" name="testPackage.MetaData" time="186.543" errors="0" timestamp="2022-11-24T17:00:02 IST" skipped="0">
  <testcase classname="testPackage.MetaData" name="Verify_Lang_Publish" time="186.543"/>
  <system-out/>
</testsuite> <!-- testPackage.MetaData -->
