<?xml version="1.0" encoding="UTF-8"?>
<!-- Generated by org.testng.reporters.JUnitReportReporter -->
<testsuite hostname="USE2DEVP5773" failures="0" tests="1" name="testPackage.Automations320602" time="554.369" errors="0" timestamp="2022-11-23T12:44:18 IST" skipped="0">
  <testcase classname="testPackage.Automations320602" name="VerifyAutomationRelaunchReopen" time="554.369"/>
  <system-out/>
</testsuite> <!-- testPackage.Automations320602 -->
