<?xml version="1.0" encoding="UTF-8"?>
<!-- Generated by org.testng.reporters.JUnitReportReporter -->
<testsuite hostname="USE2DEVP5773" failures="0" tests="1" name="testPackage.MetaData" time="209.690" errors="0" timestamp="2023-12-12T06:00:17 IST" skipped="0">
  <testcase classname="testPackage.MetaData" name="VerifyPNAC_UCDP" time="209.690"/>
  <system-out/>
</testsuite> <!-- testPackage.MetaData -->
