<?xml version="1.0" encoding="UTF-8"?>
<!-- Generated by org.testng.reporters.JUnitReportReporter -->
<testsuite hostname="USE2DEVP5773" failures="0" tests="1" name="testPackage.Automations320602" time="84.725" errors="0" timestamp="2023-01-03T19:38:55 IST" skipped="0">
  <testcase classname="testPackage.Automations320602" name="VerifyAutomationRelaunchReopen" time="84.725"/>
  <system-out/>
</testsuite> <!-- testPackage.Automations320602 -->
