<?xml version="1.0" encoding="UTF-8"?>
<!-- Generated by org.testng.reporters.JUnitReportReporter -->
<testsuite hostname="USE2DEVP5773" failures="0" tests="1" name="testPackage.MetaData" time="108.451" errors="0" timestamp="2022-11-17T17:54:25 IST" skipped="0">
  <testcase classname="testPackage.MetaData" name="Verify_Display_Metadata_RIC" time="108.451"/>
  <system-out/>
</testsuite> <!-- testPackage.MetaData -->
