<?xml version="1.0" encoding="UTF-8"?>
<!-- Generated by org.testng.reporters.JUnitReportReporter -->
<testsuite hostname="USE2DEVP5773" failures="0" tests="1" name="testPackage.HeadLineSettings22797" time="104.893" errors="0" timestamp="2022-10-17T13:21:36 IST" skipped="0">
  <testcase classname="testPackage.HeadLineSettings22797" name="SetHeadlineBold" time="104.893"/>
  <system-out/>
</testsuite> <!-- testPackage.HeadLineSettings22797 -->
