<?xml version="1.0" encoding="UTF-8"?>
<!-- Generated by org.testng.reporters.JUnitReportReporter -->
<testsuite hostname="USE2DEVP5773" failures="0" tests="1" name="testPackage.HeadLineSettings22797" time="7.902" errors="0" timestamp="2024-04-16T15:08:13 IST" skipped="0">
  <testcase classname="testPackage.HeadLineSettings22797" name="Verify_Headline_Search" time="7.902"/>
  <system-out/>
</testsuite> <!-- testPackage.HeadLineSettings22797 -->
