<?xml version="1.0" encoding="UTF-8"?>
<!-- Generated by org.testng.reporters.JUnitReportReporter -->
<testsuite hostname="USE2DEVP5773" failures="0" tests="1" name="testPackage.HeadLineSettings22797" time="84.618" errors="0" timestamp="2022-11-23T13:44:09 IST" skipped="0">
  <testcase classname="testPackage.HeadLineSettings22797" name="SetHeadlineBGColor" time="84.618"/>
  <system-out/>
</testsuite> <!-- testPackage.HeadLineSettings22797 -->
