<?xml version="1.0" encoding="UTF-8"?>
<!-- Generated by org.testng.reporters.JUnitReportReporter -->
<testsuite hostname="USE2DEVP5773" failures="0" tests="1" name="testPackage.Metadata_Validation" time="20.330" errors="0" timestamp="2022-09-15T16:52:44 IST" skipped="0">
  <testcase classname="testPackage.Metadata_Validation" name="ValidateStoryListColumns" time="20.330"/>
  <system-out/>
</testsuite> <!-- testPackage.Metadata_Validation -->
