<?xml version="1.0" encoding="UTF-8"?>
<!-- Generated by org.testng.reporters.JUnitReportReporter -->
<testsuite hostname="USE2DEVP5773" failures="0" tests="1" name="testPackage.MetaData" time="89.044" errors="0" timestamp="2023-11-13T16:45:52 IST" skipped="0">
  <testcase classname="testPackage.MetaData" name="VerifyEmailRIC" time="89.044"/>
  <system-out/>
</testsuite> <!-- testPackage.MetaData -->
