<?xml version="1.0" encoding="UTF-8"?>
<!-- Generated by org.testng.reporters.JUnitReportReporter -->
<testsuite hostname="USE2DEVP5773" failures="0" tests="1" name="testPackage.MetaData" time="138.138" errors="0" timestamp="2022-11-25T17:56:33 IST" skipped="0">
  <testcase classname="testPackage.MetaData" name="Verify_MetaData_Inputs" time="138.138"/>
  <system-out/>
</testsuite> <!-- testPackage.MetaData -->
