<?xml version="1.0" encoding="UTF-8"?>
<!-- Generated by org.testng.reporters.JUnitReportReporter -->
<testsuite hostname="USE2DEVP5773" failures="0" tests="1" name="testPackage.Feeds233961" time="228.813" errors="0" timestamp="2022-11-23T13:54:28 IST" skipped="0">
  <testcase classname="testPackage.Feeds233961" name="VerifyFeedsDropdown" time="228.813"/>
  <system-out/>
</testsuite> <!-- testPackage.Feeds233961 -->
