<?xml version="1.0" encoding="UTF-8"?>
<!-- Generated by org.testng.reporters.JUnitReportReporter -->
<testsuite hostname="USE2DEVP5773" failures="0" tests="1" name="testPackage.Automations320602" time="250.109" errors="0" timestamp="2022-12-09T14:40:36 IST" skipped="0">
  <testcase classname="testPackage.Automations320602" name="VerifyAutomationsDropdown" time="250.109"/>
  <system-out/>
</testsuite> <!-- testPackage.Automations320602 -->
