<?xml version="1.0" encoding="UTF-8"?>
<!-- Generated by org.testng.reporters.JUnitReportReporter -->
<testsuite hostname="USE2DEVP5773" failures="0" tests="1" name="testPackage.HeadLineSettings22797" time="89.027" errors="0" timestamp="2023-05-29T23:52:50 IST" skipped="0">
  <testcase classname="testPackage.HeadLineSettings22797" name="Verify_Headline_Search" time="89.027"/>
  <system-out/>
</testsuite> <!-- testPackage.HeadLineSettings22797 -->
