<?xml version="1.0" encoding="UTF-8"?>
<!-- Generated by org.testng.reporters.JUnitReportReporter -->
<testsuite hostname="USE2DEVP5773" failures="0" tests="1" name="testPackage.Headline_Alarm" time="60.503" errors="0" timestamp="2022-10-11T15:58:33 IST" skipped="0">
  <testcase classname="testPackage.Headline_Alarm" name="Login" time="60.503"/>
  <system-out/>
</testsuite> <!-- testPackage.Headline_Alarm -->
