<?xml version="1.0" encoding="UTF-8"?>
<!-- Generated by org.testng.reporters.JUnitReportReporter -->
<testsuite hostname="USE2DEVP5773" failures="0" tests="1" name="testPackage.Automations320602" time="283.019" errors="0" timestamp="2022-11-11T15:59:38 IST" skipped="0">
  <testcase classname="testPackage.Automations320602" name="VerifyAutomationRelaunchReopen" time="283.019"/>
  <system-out/>
</testsuite> <!-- testPackage.Automations320602 -->
