<?xml version="1.0" encoding="UTF-8"?>
<!-- Generated by org.testng.reporters.JUnitReportReporter -->
<testsuite hostname="USE2DEVP5773" failures="0" tests="1" name="testPackage.Headline_Alarm" time="238.218" errors="0" timestamp="2023-03-01T09:13:19 IST" skipped="0">
  <testcase classname="testPackage.Headline_Alarm" name="VerifySaved_HeadlineAlarmReopen_Relaunch" time="238.218"/>
  <system-out/>
</testsuite> <!-- testPackage.Headline_Alarm -->
