<?xml version="1.0" encoding="UTF-8"?>
<!-- Generated by org.testng.reporters.JUnitReportReporter -->
<testsuite hostname="USE2DEVP5773" failures="0" tests="1" name="testPackage.HeadLineSettings22797" time="111.803" errors="0" timestamp="2022-12-06T17:29:34 IST" skipped="0">
  <testcase classname="testPackage.HeadLineSettings22797" name="SetHeadlineTextColor" time="111.803"/>
  <system-out/>
</testsuite> <!-- testPackage.HeadLineSettings22797 -->
