<?xml version="1.0" encoding="UTF-8"?>
<!-- Generated by org.testng.reporters.JUnitReportReporter -->
<testsuite hostname="USE2DEVP5773" failures="0" tests="1" name="testPackage.Headline_Alarm" time="130.652" errors="0" timestamp="2022-11-16T11:17:18 IST" skipped="0">
  <testcase classname="testPackage.Headline_Alarm" name="VerifyAddSources_HeadlineAlarm" time="130.652"/>
  <system-out/>
</testsuite> <!-- testPackage.Headline_Alarm -->
